<?xml version="1.0" encoding="UTF-8"?>
<!-- Generated by org.testng.reporters.JUnitXMLReporter -->
<testsuite hostname="hp" ignored="0" name="firefoxBrowser" tests="3" failures="1" timestamp="22 May 2020 07:16:42 GMT" time="106.703" errors="0">
  <testcase name="test1" time="0.011" classname="com.Learning.BaseClass.Baseclass"/>
  <testcase name="test2" time="0.0" classname="com.Learning.BaseClass.Baseclass">
    <failure type="junit.framework.AssertionFailedError">
      <![CDATA[junit.framework.AssertionFailedError
at junit.framework.Assert.fail(Assert.java:47)
at junit.framework.Assert.fail(Assert.java:53)
at com.Learning.BaseClass.Baseclass.test2(Baseclass.java:98)
at java.util.concurrent.FutureTask.run(Unknown Source)
at java.util.concurrent.ThreadPoolExecutor.runWorker(Unknown Source)
at java.util.concurrent.ThreadPoolExecutor$Worker.run(Unknown Source)
at java.lang.Thread.run(Unknown Source)
... Removed 16 stack frames]]>
    </failure>
  </testcase> <!-- test2 -->
  <testcase name="test3" time="0.015" classname="com.Learning.BaseClass.Baseclass"/>
</testsuite> <!-- firefoxBrowser -->
